<?xml version="1.0" encoding="UTF-8"?>
<!-- Generated by org.testng.reporters.JUnitReportReporter -->
<testsuite hostname="DESKTOP-EB9UJ5O" failures="0" tests="2" name="com.dynm.api.ML_GET_NOTEBOOK" time="3.431" errors="0" timestamp="2020-08-18T07:47:13 ART" skipped="0">
  <testcase classname="com.dynm.api.ML_GET_NOTEBOOK" name="b_GET_NOTEBOOK_DETAILS" time="0.715"/>
  <system-out/>
  <testcase classname="com.dynm.api.ML_GET_NOTEBOOK" name="a_GET_NOTEBOOK_ID" time="2.716"/>
  <system-out/>
</testsuite> <!-- com.dynm.api.ML_GET_NOTEBOOK -->
